<?xml version="1.0" encoding="UTF-8"?>
<!-- Generated by org.testng.reporters.JUnitReportReporter -->
<testsuite hostname="venkateswara-PC" name="com.Scripts.Selenium.GmailTest" tests="1" failures="0" timestamp="31 Oct 2018 08:14:35 GMT" time="6.370" errors="0">
  <testcase name="gmailTest" time="6.370" classname="com.Scripts.Selenium.GmailTest"/>
</testsuite> <!-- com.Scripts.Selenium.GmailTest -->
