<?xml version="1.0" encoding="UTF-8"?>
<!-- Generated by org.testng.reporters.JUnitReportReporter -->
<testsuite hostname="venkateswara-PC" name="com.selenium.pom.testcases.VerifyWebPages" tests="1" failures="0" timestamp="27 Oct 2018 13:38:53 GMT" time="100.832" errors="0">
  <testcase name="verifyValidWebPages" time="100.832" classname="com.selenium.pom.testcases.VerifyWebPages"/>
</testsuite> <!-- com.selenium.pom.testcases.VerifyWebPages -->
