<?xml version="1.0" encoding="UTF-8"?>
<!-- Generated by org.testng.reporters.JUnitReportReporter -->
<testsuite hostname="venkateswara-PC" name="com.Scripts.Selenium.FbTest" tests="1" failures="0" timestamp="31 Oct 2018 08:14:35 GMT" time="6.540" errors="0">
  <testcase name="faceBookTest" time="6.540" classname="com.Scripts.Selenium.FbTest"/>
</testsuite> <!-- com.Scripts.Selenium.FbTest -->
