<?xml version="1.0" encoding="UTF-8"?>
<!-- Generated by org.testng.reporters.JUnitReportReporter -->
<testsuite hostname="venkateswara-PC" name="com.selenium.MultipleWindowsClass" tests="1" failures="0" timestamp="28 Sep 2018 07:02:30 GMT" time="19.407" errors="0">
  <testcase name="testMultipleWindows" time="19.407" classname="com.selenium.MultipleWindowsClass"/>
</testsuite> <!-- com.selenium.MultipleWindowsClass -->
