<?xml version="1.0" encoding="UTF-8"?>
<!-- Generated by org.testng.reporters.JUnitReportReporter -->
<testsuite hostname="venkateswara-PC" name="com.selenium.pom.testcases.VerifyWordpressLogin" tests="1" failures="0" timestamp="31 Oct 2018 07:37:02 GMT" time="11.390" errors="0">
  <testcase name="verifyValidLogin" time="11.390" classname="com.selenium.pom.testcases.VerifyWordpressLogin"/>
</testsuite> <!-- com.selenium.pom.testcases.VerifyWordpressLogin -->
